WorkerThreadPool: 4 threads, 1 max low-priority.
Godot Engine v4.5.1.stable.arch_linux - https://godotengine.org
TextServer: Added interface "Dummy"
TextServer: Added interface "ICU / HarfBuzz / Graphite (Built-in)"
Unrecognized output string "misc2" in mapping:
030000000d0f0000ab01000011010000,Horipad Steam,a:b0,b:b1,back:b10,dpdown:h0.4,dpleft:h0.8,dpright:h0.2,dpup:h0.1,guide:b12,leftshoulder:b6,leftstick:b13,lefttrigger:a5,leftx:a0,lefty:a1,misc2:b2,paddle1:b19,paddle2:b18,paddle3:b15,paddle4:b5,rightshoulder:b7,rightstick:b14,righttrigger:a4,rightx:a2,righty:a3,start:b11,x:b3,y:b4,platform:Linux,
Unrecognized output string "misc2" in mapping:
050000000d0f00009601000091000000,Horipad Steam,a:b0,b:b1,back:b10,dpdown:h0.4,dpleft:h0.8,dpright:h0.2,dpup:h0.1,guide:b12,leftshoulder:b6,leftstick:b13,lefttrigger:a5,leftx:a0,lefty:a1,misc2:b2,paddle1:b19,paddle2:b18,paddle3:b15,paddle4:b5,rightshoulder:b7,rightstick:b14,righttrigger:a4,rightx:a2,righty:a3,start:b11,x:b3,y:b4,platform:Linux,
Unrecognized output string "misc2" in mapping:
030000007e0500006920000011010000,Nintendo Switch 2 Pro Controller,a:b0,b:b1,back:b14,dpdown:b8,dpleft:b10,dpright:b9,dpup:b11,guide:b16,leftshoulder:b12,leftstick:b15,lefttrigger:b13,leftx:a0,lefty:a1~,misc1:b17,misc2:b20,paddle1:b18,paddle2:b19,rightshoulder:b4,rightstick:b7,righttrigger:b5,rightx:a2,righty:a3~,start:b6,x:b2,y:b3,platform:Linux,
SDL: Init OK!
Xshape 1.1 detected.
Xinerama 1.1 detected.
Xrandr 1.6 detected.
Xrender 0.11 detected.
Xinput 2.2 detected.
XInput: Refreshing devices.
XInput: Absolute pointing device: xwayland-pointer:51
XInput: No touch devices found.
Devices:
  #0: AMD AMD Radeon Vega 3 Graphics (RADV RAVEN2) - Supported, Integrated
Optional extension VK_KHR_fragment_shading_rate not found
Optional extension VK_EXT_fragment_density_map not found
Optional extension VK_EXT_astc_decode_mode not found
Optional extension VK_EXT_texture_compression_astc_hdr not found
Optional extension VK_EXT_debug_marker not found
- Vulkan Variable Rate Shading not supported
- Vulkan Fragment Density Map not supported
- Vulkan multiview supported:
  max view count: 8
  max instances: 2147483647
- Vulkan subgroup:
  size: 64
  min size: 64
  max size: 64
  stages: STAGE_VERTEX, STAGE_TESSELLATION_CONTROL, STAGE_TESSELLATION_EVALUATION, STAGE_GEOMETRY, STAGE_FRAGMENT, STAGE_COMPUTE
  supported ops: FEATURE_BASIC, FEATURE_VOTE, FEATURE_ARITHMETIC, FEATURE_BALLOT, FEATURE_SHUFFLE, FEATURE_SHUFFLE_RELATIVE, FEATURE_CLUSTERED, FEATURE_QUAD
  quad operations in all stages
Vulkan 1.4.328 - Forward+ - Using Device #0: AMD - AMD Radeon Vega 3 Graphics (RADV RAVEN2)
Startup PSO cache (0.6 MiB)
XcursorGetTheme could not get cursor theme
Failed loading custom cursor: crossed_circle
DBus 1.16.2 detected.
Using "default" pen tablet driver...
Creating VMA small objects pool for memory type index 0
Shader 'CanvasSdfShaderRD' (group 0) SHA256: 368b4b7c84d86374afe2553594e5cd85845d47fed8736627101f722e8ad2b4ef
Loading cache for shader CanvasSdfShaderRD, variant 0
Loading cache for shader CanvasSdfShaderRD, variant 1
Loading cache for shader CanvasSdfShaderRD, variant 2
Loading cache for shader CanvasSdfShaderRD, variant 3
Loading cache for shader CanvasSdfShaderRD, variant 4
Loading cache for shader CanvasSdfShaderRD, variant 5
Shader 'SkeletonShaderRD' (group 0) SHA256: d6e394fd4ef33e0a72edf47ffc86d9167c36744212ab892bacced731d4e7c8de
Loading cache for shader SkeletonShaderRD, variant 0
Loading cache for shader SkeletonShaderRD, variant 1
Shader 'SortShaderRD' (group 0) SHA256: 8d0001e9686e841b0892772a2456299b8b0eaeb0b1c7541fb2aa6aa827618d33
Loading cache for shader SortShaderRD, variant 0
Loading cache for shader SortShaderRD, variant 1
Loading cache for shader SortShaderRD, variant 2
Shader 'ParticlesShaderRD' (group 0) SHA256: 2c975b9f606a53e70d85ecefa151a80fae56cc782297a091e5a51c667179c328
Loading cache for shader ParticlesShaderRD, variant 0
Shader 'ParticlesCopyShaderRD' (group 0) SHA256: 5405d948e6a853449f8ed26499a00bfa6c04683f10aab246d2b5414938df57ae
Loading cache for shader ParticlesCopyShaderRD, variant 0
Loading cache for shader ParticlesCopyShaderRD, variant 1
Loading cache for shader ParticlesCopyShaderRD, variant 2
Loading cache for shader ParticlesCopyShaderRD, variant 3
Loading cache for shader ParticlesCopyShaderRD, variant 4
Loading cache for shader ParticlesCopyShaderRD, variant 5
Loading cache for shader ParticlesCopyShaderRD, variant 6
Loading cache for shader ParticlesCopyShaderRD, variant 7
Loading cache for shader ParticlesCopyShaderRD, variant 8
Loading cache for shader ParticlesCopyShaderRD, variant 9
Loading cache for shader ParticlesCopyShaderRD, variant 10
Loading cache for shader ParticlesCopyShaderRD, variant 11
Loading cache for shader ParticlesCopyShaderRD, variant 12
Loading cache for shader ParticlesCopyShaderRD, variant 13
Loading cache for shader ParticlesCopyShaderRD, variant 14
Loading cache for shader ParticlesCopyShaderRD, variant 15
Loading cache for shader ParticlesCopyShaderRD, variant 16
Loading cache for shader ParticlesCopyShaderRD, variant 17
Loading cache for shader ParticlesCopyShaderRD, variant 18
Loading cache for shader ParticlesCopyShaderRD, variant 19
Loading cache for shader ParticlesCopyShaderRD, variant 20
Shader 'CanvasShaderRD' (group 0) SHA256: 5344a20fff45907833af19dd862db296481988f28c71207b4bbcb33af0cd0604
Loading cache for shader CanvasShaderRD, variant 0
Loading cache for shader CanvasShaderRD, variant 1
Loading cache for shader CanvasShaderRD, variant 2
Loading cache for shader CanvasShaderRD, variant 3
Loading cache for shader CanvasShaderRD, variant 4
Loading cache for shader CanvasShaderRD, variant 5
Shader 'CanvasOcclusionShaderRD' (group 0) SHA256: 8fcd25f3b3b258d45009a5a54187ff27eba9649890ac23ec1a5dce75e6670dfc
Loading cache for shader CanvasOcclusionShaderRD, variant 0
Loading cache for shader CanvasOcclusionShaderRD, variant 1
Loading cache for shader CanvasOcclusionShaderRD, variant 2
Loading cache for shader CanvasShaderRD, variant 0
Loading cache for shader CanvasShaderRD, variant 1
Loading cache for shader CanvasShaderRD, variant 2
Loading cache for shader CanvasShaderRD, variant 3
Loading cache for shader CanvasShaderRD, variant 4
Loading cache for shader CanvasShaderRD, variant 5
Loading cache for shader CanvasShaderRD, variant 0
Loading cache for shader CanvasShaderRD, variant 1
Loading cache for shader CanvasShaderRD, variant 2
Loading cache for shader CanvasShaderRD, variant 3
Loading cache for shader CanvasShaderRD, variant 4
Loading cache for shader CanvasShaderRD, variant 5
Shader 'ClusterRenderShaderRD' (group 0) SHA256: 1dbd871dd2b02f2f65bd38399f5668be72e97a021b2965420a3ad69362e08f0a
Loading cache for shader ClusterRenderShaderRD, variant 0
Loading cache for shader ClusterRenderShaderRD, variant 1
Shader 'ClusterStoreShaderRD' (group 0) SHA256: 2b2f11f9aff61b851bc2b11035128b32db5e2dd6698342293b6347a7ba6a085d
Loading cache for shader ClusterStoreShaderRD, variant 0
Shader 'ClusterDebugShaderRD' (group 0) SHA256: 1ba8ed654c0602be46475848512f4b5bbfba5fad229904e6c2332bc9c5508f1e
Loading cache for shader ClusterDebugShaderRD, variant 0
Shader 'SceneForwardClusteredShaderRD' (group 0) SHA256: 4c5d823bcbd5b17afd644d7811253d1b04c120aad508fa0d2dfcced9cf00daa7
Shader 'SceneForwardClusteredShaderRD' (group 1) SHA256: 079d9a581c4254895ea1850f02af1e4ddee62d59868da37d9fce1554f45cd664
Shader 'SceneForwardClusteredShaderRD' (group 2) SHA256: 00047bd4d639bd81bf6da70daf19a78a30c315781d8998c3d3221eee2d246202
Shader 'SceneForwardClusteredShaderRD' (group 3) SHA256: ce954af4d74edfc36ce4ded3e8343c9dfdcbbc9364caebbe55d129f510c3b375
Loading cache for shader SceneForwardClusteredShaderRD, variant 0
Loading cache for shader SceneForwardClusteredShaderRD, variant 1
Loading cache for shader SceneForwardClusteredShaderRD, variant 2
Loading cache for shader SceneForwardClusteredShaderRD, variant 3
Loading cache for shader SceneForwardClusteredShaderRD, variant 4
Loading cache for shader SceneForwardClusteredShaderRD, variant 5
Loading cache for shader SceneForwardClusteredShaderRD, variant 6
Loading cache for shader SceneForwardClusteredShaderRD, variant 7
Loading cache for shader SceneForwardClusteredShaderRD, variant 0
Loading cache for shader SceneForwardClusteredShaderRD, variant 1
Loading cache for shader SceneForwardClusteredShaderRD, variant 2
Loading cache for shader SceneForwardClusteredShaderRD, variant 3
Loading cache for shader SceneForwardClusteredShaderRD, variant 4
Loading cache for shader SceneForwardClusteredShaderRD, variant 5
Loading cache for shader SceneForwardClusteredShaderRD, variant 6
Loading cache for shader SceneForwardClusteredShaderRD, variant 7
Loading cache for shader SceneForwardClusteredShaderRD, variant 0
Loading cache for shader SceneForwardClusteredShaderRD, variant 1
Loading cache for shader SceneForwardClusteredShaderRD, variant 2
Loading cache for shader SceneForwardClusteredShaderRD, variant 3
Loading cache for shader SceneForwardClusteredShaderRD, variant 4
Loading cache for shader SceneForwardClusteredShaderRD, variant 5
Loading cache for shader SceneForwardClusteredShaderRD, variant 6
Loading cache for shader SceneForwardClusteredShaderRD, variant 7
Shader 'BestFitNormalShaderRD' (group 0) SHA256: 27fa356c6fe738bbb3d373643ed7aa9b28b4f9ebb746668ef479b57bcf3bce2b
Loading cache for shader BestFitNormalShaderRD, variant 0
Shader 'IntegrateDfgShaderRD' (group 0) SHA256: e31fa725014186821c3e3646c90ba3af4706f1c8cfbbb018e55f4b3e031a4807
Loading cache for shader IntegrateDfgShaderRD, variant 0
Shader 'ResolveShaderRD' (group 0) SHA256: 80564ad7b9de936c0082edc6b4c128663eab8fcf050b2c4ff8d4d78b9a9c0e80
Loading cache for shader ResolveShaderRD, variant 0
Loading cache for shader ResolveShaderRD, variant 1
Loading cache for shader ResolveShaderRD, variant 2
Shader 'TaaResolveShaderRD' (group 0) SHA256: 5c65496ce6ac3f52b37d4b65e4a1fede2f3aeea7b4c6a79c90f6cf374d511be8
Loading cache for shader TaaResolveShaderRD, variant 0
Shader 'Fsr2DepthClipPassShaderRD' (group 0) SHA256: 6af8a30be405e7d60feaa2eeec0ea5b2f5a8aa37ddb7ef0a30290af013592dcf
Shader 'Fsr2ReconstructPreviousDepthPassShaderRD' (group 0) SHA256: 0155da38001588d235ed612f51033d25a8955154b7959694a00c76024e0f0b7e
Shader 'Fsr2LockPassShaderRD' (group 0) SHA256: b2b9e6842049be3ef3d680ea2db6c1be9d4841033a1f9e7e62ac5941c779cd01
Shader 'Fsr2AccumulatePassShaderRD' (group 0) SHA256: 53798bd8ca6961011ed084c781e63c7e5198ff225b52c9c605be3893cc38a16f
Shader 'Fsr2RcasPassShaderRD' (group 0) SHA256: c0dc1aea218e54f15cc1fb30d73fa105786f281e9c7d3a1e62efbde829cf89a5
Shader 'Fsr2ComputeLuminancePyramidPassShaderRD' (group 0) SHA256: 8826906c671d1dd8cf6024b74b7e05859859fdc85a346c70cae5a05c96974418
Shader 'Fsr2AutogenReactivePassShaderRD' (group 0) SHA256: 78c2f889cbaf4ab3919891b87694900792261a0a76fa1b781c22efe584f28e74
Shader 'Fsr2TcrAutogenPassShaderRD' (group 0) SHA256: b2d6461d2319a8d4cacd9c81fe6840936d31fbdb998dd7162fd8078db0cb600a
Shader 'SsEffectsDownsampleShaderRD' (group 0) SHA256: 8dc9bd81e87dafec6238151da0c61bdbc0b974eefcd7097c694a313aecacb32b
Loading cache for shader SsEffectsDownsampleShaderRD, variant 0
Loading cache for shader SsEffectsDownsampleShaderRD, variant 1
Loading cache for shader SsEffectsDownsampleShaderRD, variant 2
Loading cache for shader SsEffectsDownsampleShaderRD, variant 3
Loading cache for shader SsEffectsDownsampleShaderRD, variant 4
Loading cache for shader SsEffectsDownsampleShaderRD, variant 5
Loading cache for shader SsEffectsDownsampleShaderRD, variant 6
Shader 'SsilShaderRD' (group 0) SHA256: 19273553dd04782d69f08729359821628476f6f4ef06fa5f47b40c3584eff15b
Loading cache for shader SsilShaderRD, variant 0
Loading cache for shader SsilShaderRD, variant 1
Loading cache for shader SsilShaderRD, variant 2
Shader 'SsilImportanceMapShaderRD' (group 0) SHA256: 13577e83caaf2b12f20257d4a4e0a5392e5da28a1d60ce89f0ba6087b1553a12
Loading cache for shader SsilImportanceMapShaderRD, variant 0
Loading cache for shader SsilImportanceMapShaderRD, variant 1
Loading cache for shader SsilImportanceMapShaderRD, variant 2
Shader 'SsilBlurShaderRD' (group 0) SHA256: 914e3175d0a0923f0441d15ca3d56f6e70892f75fc938d7063f26485b42dfeea
Loading cache for shader SsilBlurShaderRD, variant 0
Loading cache for shader SsilBlurShaderRD, variant 1
Loading cache for shader SsilBlurShaderRD, variant 2
Shader 'SsilInterleaveShaderRD' (group 0) SHA256: c17bebc0974296a1db6839383c963557cd1db40fb04e52f0d78f56daada7ba16
Loading cache for shader SsilInterleaveShaderRD, variant 0
Loading cache for shader SsilInterleaveShaderRD, variant 1
Loading cache for shader SsilInterleaveShaderRD, variant 2
Shader 'SsaoShaderRD' (group 0) SHA256: f6a64a85427ab3480a434d331a587b668b827911c02ec1d0a76ff797e3bd821c
Loading cache for shader SsaoShaderRD, variant 0
Loading cache for shader SsaoShaderRD, variant 1
Loading cache for shader SsaoShaderRD, variant 2
Shader 'SsaoImportanceMapShaderRD' (group 0) SHA256: 99ee15e0c88b6e07b0fdba046e3a02967670e24c441b5a3b62f36dcf18ce1888
Loading cache for shader SsaoImportanceMapShaderRD, variant 0
Loading cache for shader SsaoImportanceMapShaderRD, variant 1
Loading cache for shader SsaoImportanceMapShaderRD, variant 2
Shader 'SsaoBlurShaderRD' (group 0) SHA256: 17dc25d633380086c1f9da58c0fbdd6e7b118d06d4375d0e374b82cccaf83021
Loading cache for shader SsaoBlurShaderRD, variant 0
Loading cache for shader SsaoBlurShaderRD, variant 1
Loading cache for shader SsaoBlurShaderRD, variant 2
Shader 'SsaoInterleaveShaderRD' (group 0) SHA256: 4f5bd809ca024aa59ee35c0d0fba427f224e9e0b879909675f0e234c426209a2
Loading cache for shader SsaoInterleaveShaderRD, variant 0
Loading cache for shader SsaoInterleaveShaderRD, variant 1
Loading cache for shader SsaoInterleaveShaderRD, variant 2
Shader 'ScreenSpaceReflectionScaleShaderRD' (group 0) SHA256: 86cab1f98693497f3d66ae830fd338a35b08cda4a675e79e35537f824b683ba6
Loading cache for shader ScreenSpaceReflectionScaleShaderRD, variant 0
Shader 'ScreenSpaceReflectionShaderRD' (group 0) SHA256: 40d236c30fa83be1809999477e417af6fd8e4e877a11ab09e22462d8b3b46d5d
Loading cache for shader ScreenSpaceReflectionShaderRD, variant 0
Loading cache for shader ScreenSpaceReflectionShaderRD, variant 1
Shader 'ScreenSpaceReflectionFilterShaderRD' (group 0) SHA256: 59ad606c8326a93d088cb8ad100214514db30cfbf515d80e68a652461922a164
Loading cache for shader ScreenSpaceReflectionFilterShaderRD, variant 0
Loading cache for shader ScreenSpaceReflectionFilterShaderRD, variant 1
Shader 'SubsurfaceScatteringShaderRD' (group 0) SHA256: 346874da2fb18e11a28559a4d0ba8091f63d2439f0ff81b918cea77719edfcd8
Loading cache for shader SubsurfaceScatteringShaderRD, variant 0
Loading cache for shader SubsurfaceScatteringShaderRD, variant 1
Loading cache for shader SubsurfaceScatteringShaderRD, variant 2
Shader 'SkyShaderRD' (group 0) SHA256: 5bfbd80e050b2e4dae8bd9db711c00dd31be76f193d5ca493b9516e7fae2c402
Loading cache for shader SkyShaderRD, variant 0
Loading cache for shader SkyShaderRD, variant 1
Loading cache for shader SkyShaderRD, variant 2
Loading cache for shader SkyShaderRD, variant 3
Loading cache for shader SkyShaderRD, variant 4
Loading cache for shader SkyShaderRD, variant 5
Loading cache for shader SkyShaderRD, variant 0
Loading cache for shader SkyShaderRD, variant 1
Loading cache for shader SkyShaderRD, variant 2
Loading cache for shader SkyShaderRD, variant 3
Loading cache for shader SkyShaderRD, variant 4
Loading cache for shader SkyShaderRD, variant 5
Shader 'VoxelGiShaderRD' (group 0) SHA256: 105bbde43daa99d6779509bf800c6a0c56d1e884cdb53723043b86688dca7864
Loading cache for shader VoxelGiShaderRD, variant 0
Loading cache for shader VoxelGiShaderRD, variant 1
Loading cache for shader VoxelGiShaderRD, variant 2
Loading cache for shader VoxelGiShaderRD, variant 3
Loading cache for shader VoxelGiShaderRD, variant 4
Loading cache for shader VoxelGiShaderRD, variant 5
Loading cache for shader VoxelGiShaderRD, variant 6
Loading cache for shader VoxelGiShaderRD, variant 7
Shader 'VoxelGiDebugShaderRD' (group 0) SHA256: d8efc6eeace9fd412066a05a7d1a63fb7bcd55627354efd4798a75b3c9f9da8b
Loading cache for shader VoxelGiDebugShaderRD, variant 0
Loading cache for shader VoxelGiDebugShaderRD, variant 1
Loading cache for shader VoxelGiDebugShaderRD, variant 2
Loading cache for shader VoxelGiDebugShaderRD, variant 3
Shader 'SdfgiPreprocessShaderRD' (group 0) SHA256: 65d64685f686ad8b038b412180f3e58f67e97d1e1144cd758ee982f077bbcb79
Loading cache for shader SdfgiPreprocessShaderRD, variant 0
Loading cache for shader SdfgiPreprocessShaderRD, variant 1
Loading cache for shader SdfgiPreprocessShaderRD, variant 2
Loading cache for shader SdfgiPreprocessShaderRD, variant 3
Loading cache for shader SdfgiPreprocessShaderRD, variant 4
Loading cache for shader SdfgiPreprocessShaderRD, variant 5
Loading cache for shader SdfgiPreprocessShaderRD, variant 6
Loading cache for shader SdfgiPreprocessShaderRD, variant 7
Loading cache for shader SdfgiPreprocessShaderRD, variant 8
Shader 'SdfgiDirectLightShaderRD' (group 0) SHA256: c3d143416d9c2eb5ed45907bb49e12075c315c9e4db114e8dcbf7f4b975c3406
Loading cache for shader SdfgiDirectLightShaderRD, variant 0
Loading cache for shader SdfgiDirectLightShaderRD, variant 1
Shader 'SdfgiIntegrateShaderRD' (group 0) SHA256: b35908456ade57d11cac2c6db90511bf78a0f86eef91f4f6e80ca8086af3c9d3
Loading cache for shader SdfgiIntegrateShaderRD, variant 0
Loading cache for shader SdfgiIntegrateShaderRD, variant 1
Loading cache for shader SdfgiIntegrateShaderRD, variant 2
Loading cache for shader SdfgiIntegrateShaderRD, variant 3
Shader 'GiShaderRD' (group 0) SHA256: 15cdace9645f6cfabb484a61bbaa34dc3f6ef2b03fb871217236234150993e91
Shader 'GiShaderRD' (group 1) SHA256: 3a529627f057bfbcf51f0721b577735ff0e547017df83ae6f3ef593fb78e2b28
Loading cache for shader GiShaderRD, variant 0
Loading cache for shader GiShaderRD, variant 1
Loading cache for shader GiShaderRD, variant 2
Loading cache for shader GiShaderRD, variant 3
Loading cache for shader GiShaderRD, variant 4
Shader 'SdfgiDebugShaderRD' (group 0) SHA256: 074c8fa43ef2bd71bf6c1595db9de7e3182bb138e91efcacac121214f6be80eb
Loading cache for shader SdfgiDebugShaderRD, variant 0
Shader 'SdfgiDebugProbesShaderRD' (group 0) SHA256: b1f8f61e65f08f2ea3f69df88a37676200a0846e4a8258f94aec5deb1239619b
Loading cache for shader SdfgiDebugProbesShaderRD, variant 0
Loading cache for shader SdfgiDebugProbesShaderRD, variant 1
Loading cache for shader SdfgiDebugProbesShaderRD, variant 2
Loading cache for shader SdfgiDebugProbesShaderRD, variant 3
Shader 'VolumetricFogShaderRD' (group 0) SHA256: 9fc8d14b6ee56e7f7beb8d5ea7419ba3d0d51e83b9a61131301ae18250e5bae9
Shader 'VolumetricFogShaderRD' (group 1) SHA256: 74868bee1117e6b897bb8003646fecaf288ef8a78662a9a71c6dba9edb61e3b5
Shader 'VolumetricFogShaderRD' (group 2) SHA256: 776d385c221c8fe202ee78204c95e31c09e1b7a35fddeb238bd0b4bff4224ab7
Shader 'VolumetricFogShaderRD' (group 3) SHA256: b0c99d94ae155b59a1345a600c0168f8ae53f8c5cf79b143fb54ba0e7a3e8eb2
Loading cache for shader VolumetricFogShaderRD, variant 0
Shader 'VolumetricFogProcessShaderRD' (group 0) SHA256: e7f6d37bb922c895af79dcb7b28abe9919540d8e81c61692eda51aae9d52a579
Shader 'VolumetricFogProcessShaderRD' (group 1) SHA256: 89f153b61540814f57bb96567b8a4b90ee3da718afd49706f9a464c18115bf7e
Shader 'VolumetricFogProcessShaderRD' (group 2) SHA256: dad5f5b60750f8c19c650572589377776934448ce3da9bcbf99f081ff873856c
Shader 'VolumetricFogProcessShaderRD' (group 3) SHA256: 0ab7c43fa17208dd4367312c48af6ada2352003ad7657739c8e568075dc571a4
Loading cache for shader VolumetricFogProcessShaderRD, variant 0
Loading cache for shader VolumetricFogProcessShaderRD, variant 1
Loading cache for shader VolumetricFogProcessShaderRD, variant 2
Loading cache for shader VolumetricFogProcessShaderRD, variant 3
Loading cache for shader VolumetricFogProcessShaderRD, variant 4
Shader 'BokehDofShaderRD' (group 0) SHA256: 143edd1219c43cec59f1dfcfdd0a8ecab4e50a36bfe19e7ed49c460943c4ff7b
Loading cache for shader BokehDofShaderRD, variant 0
Loading cache for shader BokehDofShaderRD, variant 1
Loading cache for shader BokehDofShaderRD, variant 3
Loading cache for shader BokehDofShaderRD, variant 5
Loading cache for shader BokehDofShaderRD, variant 6
Shader 'CopyShaderRD' (group 0) SHA256: d6103e33b463e66b194ea881e1ca0751074712b4e693676b0442445adb10f4b3
Loading cache for shader CopyShaderRD, variant 0
Loading cache for shader CopyShaderRD, variant 1
Loading cache for shader CopyShaderRD, variant 2
Loading cache for shader CopyShaderRD, variant 3
Loading cache for shader CopyShaderRD, variant 4
Loading cache for shader CopyShaderRD, variant 5
Loading cache for shader CopyShaderRD, variant 6
Loading cache for shader CopyShaderRD, variant 7
Loading cache for shader CopyShaderRD, variant 8
Loading cache for shader CopyShaderRD, variant 9
Loading cache for shader CopyShaderRD, variant 10
Loading cache for shader CopyShaderRD, variant 11
Loading cache for shader CopyShaderRD, variant 12
Shader 'CopyToFbShaderRD' (group 0) SHA256: a87e73cd56040c7f84acd17337a41ad7acffaf31a352cc7c5ac755efd7a5b89b
Loading cache for shader CopyToFbShaderRD, variant 0
Loading cache for shader CopyToFbShaderRD, variant 1
Loading cache for shader CopyToFbShaderRD, variant 2
Loading cache for shader CopyToFbShaderRD, variant 3
Shader 'CubeToDpShaderRD' (group 0) SHA256: 334ac138e689d7c22ab40710cee5114665236f810fd0b630f9a6c2d14a3bffc1
Loading cache for shader CubeToDpShaderRD, variant 0
Shader 'CubemapDownsamplerShaderRD' (group 0) SHA256: fad3611dd8b51ea521a68cdfcf1ec860b89e8c27739ea7f54bce343102018759
Loading cache for shader CubemapDownsamplerShaderRD, variant 0
Shader 'CubemapFilterShaderRD' (group 0) SHA256: 34cb47ca5183f8cbc3f72753274813e35841b89f0ce0b5bdd65cf3d98b905419
Loading cache for shader CubemapFilterShaderRD, variant 0
Loading cache for shader CubemapFilterShaderRD, variant 1
Loading cache for shader CubemapFilterShaderRD, variant 2
Loading cache for shader CubemapFilterShaderRD, variant 3
Shader 'CubemapRoughnessShaderRD' (group 0) SHA256: bb1367f3c9a8bbd73c1e3580d4b810d827c2cee5686fbed9c014f2bd10eb2fba
Loading cache for shader CubemapRoughnessShaderRD, variant 0
Shader 'SpecularMergeShaderRD' (group 0) SHA256: 38a44ad0c89c9302458446b3a02d03ee2549d9fc97ba9412dcb2f43fe64a12c1
Loading cache for shader SpecularMergeShaderRD, variant 0
Loading cache for shader SpecularMergeShaderRD, variant 1
Loading cache for shader SpecularMergeShaderRD, variant 2
Loading cache for shader SpecularMergeShaderRD, variant 3
Shader 'ShadowFrustumShaderRD' (group 0) SHA256: 370c95f68584a7db974be02b3cadfe95752827cad8cfde318ad58b1e3f4b584f
Loading cache for shader ShadowFrustumShaderRD, variant 0
Shader 'MotionVectorsShaderRD' (group 0) SHA256: 8c118681e8be867ff48f1589888c03e77da3f276e74ec4881585a9a588f5dc45
Loading cache for shader MotionVectorsShaderRD, variant 0
Shader 'LuminanceReduceShaderRD' (group 0) SHA256: db36be952ee1c5d5a634d0077edf4335d6d81bf8f71f81f36440c38ac8944368
Loading cache for shader LuminanceReduceShaderRD, variant 0
Loading cache for shader LuminanceReduceShaderRD, variant 1
Loading cache for shader LuminanceReduceShaderRD, variant 2
Shader 'SmaaEdgeDetectionShaderRD' (group 0) SHA256: 1caa616bf2b24d7c61b0bc327e6c3b911526cb42c5b6af1776043f8a83739f90
Loading cache for shader SmaaEdgeDetectionShaderRD, variant 0
Shader 'SmaaWeightCalculationShaderRD' (group 0) SHA256: d21928af91227ca0e91898bcc780186261f5d9ef977108f9662bff9a577b87d3
Loading cache for shader SmaaWeightCalculationShaderRD, variant 0
Shader 'SmaaBlendingShaderRD' (group 0) SHA256: be45fef550ed73e5267eb1a06e25a3c5d91cc59514fe99b531ed7c72ef2a53f7
Loading cache for shader SmaaBlendingShaderRD, variant 0
Shader 'TonemapShaderRD' (group 0) SHA256: bcf12902f02f6746cf510dfdab5d05b5a39e060c3b3cc9750a0dbfe10ac7cfbe
Loading cache for shader TonemapShaderRD, variant 0
Loading cache for shader TonemapShaderRD, variant 1
Loading cache for shader TonemapShaderRD, variant 2
Loading cache for shader TonemapShaderRD, variant 3
Loading cache for shader TonemapShaderRD, variant 4
Loading cache for shader TonemapShaderRD, variant 5
Shader 'FsrUpscaleShaderRD' (group 0) SHA256: f29202e073c5ec5f038d4e9356dfc2aec74811c20a3d2be3e3f9f6af9d6d94f8
Loading cache for shader FsrUpscaleShaderRD, variant 0
Loading cache for shader FsrUpscaleShaderRD, variant 1
Shader 'BlitShaderRD' (group 0) SHA256: da9bd39ccf93b13de6c06c50edaa9e3ed39708f5e5b770cfc75d341aeb9ea0e4
Loading cache for shader BlitShaderRD, variant 0
Loading cache for shader BlitShaderRD, variant 1
Loading cache for shader BlitShaderRD, variant 2
Loading cache for shader BlitShaderRD, variant 3
PulseAudio 17.0.0 detected.
PulseAudio: context other
PulseAudio: context other
PulseAudio: context other
PulseAudio: context ready
PulseAudio: Detecting channels for device: alsa_output.pci-0000_03_00.6.analog-stereo
PulseAudio: detected 2 output channels
PulseAudio: audio buffer frames: 512 calculated output latency: 11ms

TextServer: Primary interface set to: "ICU / HarfBuzz / Graphite (Built-in)".
CORE API HASH: 937899573
EDITOR API HASH: 1777164193
SceneTreeFTI: traversal method DEFAULT
Loaded system CA certificates
Loading resource: res://game/world.tscn
Loading resource: res://game/world.gd
Loading resource: res://game/environment.tscn
Loading resource: res://game/airplane.tscn


     JSBSim Flight Dynamics Model v1.2.4.dev1 Jan  2 2026 12:23:13
            [JSBSim-ML v2.0]

JSBSim startup beginning ...

/home/lewis/GodotJSBSim/project/JSBSim_files
/home/lewis/GodotJSBSim/project/JSBSim_files/aircraft
/home/lewis/GodotJSBSim/project/JSBSim_files/aircraft
/home/lewis/GodotJSBSim/project/JSBSim_files/engine
0.00833333333333
0
[4mReading Aircraft Configuration File[24m: [1mBALL[22m
                            Version: [1m2.0[22m


[1mThis aircraft model is a [31mBETA[0m[1m release!!!

[0mThis aircraft model probably will not fly as expected.

[34m[1mUse this model for development purposes ONLY!!![22m[0m

  Description:   Test file
  Model Author:  Jon Berndt
  Creation Date: 2004-06-01
  Version:       Version 1.0

  Aircraft Metrics:
    WingArea: 1.000000
    WingSpan: 1.000000
    Incidence: 0.000000
    Chord: 1.000000
    H. Tail Area: 0.000000
    H. Tail Arm: 0.000000
    V. Tail Area: 0.000000
    V. Tail Arm: 0.000000
    Eyepoint (x, y, z): 0.000000 , 0.000000 , 0.000000
    Ref Pt (x, y, z): 0.000000 , 0.000000 , 0.000000
    Visual Ref Pt (x, y, z): 0.000000 , 0.000000 , 0.000000

  Mass and Balance:
    baseIxx: 20.000000 slug-ft2
    baseIyy: 10.000000 slug-ft2
    baseIzz: 10.000000 slug-ft2
    baseIxy: 0.000000 slug-ft2
    baseIxz: -0.000000 slug-ft2
    baseIyz: 0.000000 slug-ft2
    Empty Weight: 20000.000000 lbm
    CG (x, y, z): 0.000000 , 0.000000 , 0.000000
    Point Mass Object: 10.000000 lbs. at X, Y, Z (in.): 0.000000  0.000000  0.000000
    Point Mass Object: 0.000000 lbs. at X, Y, Z (in.): 0.000000  -60.000000  0.000000

  Ground Reactions: 
    BOGEY CONTACT
      Location: 0.000000 , 0.000000 , 0.000000
      Spring Constant:  10000.000000
      Damping Constant: 200000.000000 (linear)
      Rebound Damping Constant: 200000.000000 (linear)
      Dynamic Friction: 0.000000
      Static Friction:  0.000000
      Rolling Friction: 0.000000
      Steering Type:    FIXED
      Grouping:         NONE
      Max Steer Angle:  0.000000
      Retractable:      0

    Declared properties

